seq Number,1,662.0
seq Number,2,406.0
seq Number,3,15.0
seq Number,4,47.0
seq Number,5,16.0
seq Number,6,47.0
seq Number,7,15.0
seq Number,8,47.0
seq Number,9,16.0
seq Number,10,46.0
seq Number,11,16.0
seq Number,12,47.0
seq Number,13,15.0
seq Number,14,47.0
seq Number,15,16.0
seq Number,16,47.0
seq Number,17,32.0
seq Number,18,15.0
seq Number,19,47.0
seq Number,20,16.0
seq Number,21,31.0
seq Number,22,47.0
seq Number,23,15.0
seq Number,24,47.0
seq Number,25,16.0
seq Number,26,47.0
seq Number,27,15.0
seq Number,28,47.0
seq Number,29,16.0
seq Number,30,46.0
seq Number,31,16.0
seq Number,32,47.0
seq Number,33,15.0
seq Number,34,47.0
seq Number,35,31.0
seq Number,36,16.0
seq Number,37,78.0
seq Number,38,16.0
seq Number,39,15.0
seq Number,40,47.0
seq Number,41,16.0
seq Number,42,46.0
seq Number,43,16.0
seq Number,44,47.0
seq Number,45,15.0
seq Number,46,47.0
seq Number,47,16.0
seq Number,48,47.0
seq Number,49,15.0
seq Number,50,47.0
seq Number,51,16.0
seq Number,52,46.0
seq Number,53,16.0
seq Number,54,47.0
seq Number,55,15.0
seq Number,56,47.0
seq Number,57,16.0
seq Number,58,47.0
seq Number,59,15.0
seq Number,60,47.0
seq Number,61,16.0
seq Number,62,46.0
seq Number,63,16.0
seq Number,64,47.0
seq Number,65,15.0
seq Number,66,47.0
seq Number,67,16.0
seq Number,68,47.0
seq Number,69,15.0
seq Number,70,47.0
seq Number,71,16.0
seq Number,72,46.0
seq Number,73,16.0
seq Number,74,47.0
seq Number,75,15.0
seq Number,76,47.0
seq Number,77,16.0
seq Number,78,47.0
seq Number,79,15.0
seq Number,80,47.0
seq Number,81,16.0
seq Number,82,46.0
seq Number,83,16.0
seq Number,84,47.0
seq Number,85,15.0
seq Number,86,47.0
seq Number,87,16.0
seq Number,88,47.0
seq Number,89,15.0
seq Number,90,47.0
seq Number,91,16.0
seq Number,92,46.0
seq Number,93,16.0
seq Number,94,47.0
seq Number,95,15.0
seq Number,96,47.0
seq Number,97,16.0
seq Number,98,47.0
seq Number,99,15.0
seq Number,100,47.0
seq Number,101,16.0
seq Number,101,2050.0
seq Number,102,16.0
seq Number,105,15.0
seq Number,106,16.0
seq Number,107,15.0
seq Number,108,47.0
seq Number,109,16.0
seq Number,110,47.0
seq Number,111,15.0
seq Number,112,47.0
seq Number,113,16.0
seq Number,114,46.0
seq Number,115,16.0
seq Number,116,47.0
seq Number,117,15.0
seq Number,118,48.0
seq Number,119,16.0
seq Number,120,47.0
seq Number,121,15.0
seq Number,122,47.0
seq Number,123,16.0
seq Number,124,46.0
seq Number,125,16.0
seq Number,126,47.0
seq Number,127,15.0
seq Number,128,47.0
seq Number,129,16.0
seq Number,130,47.0
seq Number,131,15.0
seq Number,132,47.0
seq Number,133,16.0
seq Number,134,46.0
seq Number,135,16.0
seq Number,136,47.0
seq Number,137,15.0
seq Number,138,47.0
seq Number,139,16.0
seq Number,140,47.0
seq Number,141,15.0
seq Number,142,47.0
seq Number,143,16.0
seq Number,144,46.0
seq Number,145,16.0
seq Number,146,47.0
seq Number,147,15.0
seq Number,148,47.0
seq Number,149,16.0
seq Number,150,47.0
seq Number,151,15.0
seq Number,152,47.0
seq Number,153,16.0
seq Number,154,46.0
seq Number,155,16.0
seq Number,156,47.0
seq Number,157,15.0
seq Number,158,47.0
seq Number,159,16.0
seq Number,160,47.0
seq Number,161,15.0
seq Number,162,47.0
seq Number,163,16.0
seq Number,164,46.0
seq Number,165,16.0
seq Number,166,47.0
seq Number,167,15.0
seq Number,168,47.0
seq Number,169,31.0
seq Number,170,50.0
seq Number,171,16.0
seq Number,172,78.0
seq Number,173,15.0
seq Number,174,16.0
seq Number,175,47.0
seq Number,176,47.0
seq Number,177,46.0
seq Number,178,47.0
seq Number,179,16.0
seq Number,180,47.0
seq Number,181,15.0
seq Number,182,47.0
seq Number,183,16.0
seq Number,184,46.0
seq Number,185,16.0
seq Number,186,47.0
seq Number,187,15.0
seq Number,188,47.0
seq Number,189,16.0
seq Number,190,47.0
seq Number,191,15.0
seq Number,192,47.0
seq Number,193,16.0
seq Number,194,46.0
seq Number,195,16.0
seq Number,196,47.0
seq Number,197,15.0
seq Number,198,47.0
seq Number,199,16.0
seq Number,200,47.0
seq Number,201,15.0
seq Number,202,47.0
seq Number,203,16.0
seq Number,204,46.0
seq Number,205,16.0
seq Number,206,47.0
seq Number,207,15.0
seq Number,208,47.0
seq Number,209,16.0
seq Number,210,47.0
seq Number,211,15.0
seq Number,212,48.0
seq Number,213,16.0
seq Number,214,46.0
seq Number,215,16.0
seq Number,216,47.0
seq Number,217,15.0
seq Number,218,47.0
seq Number,219,16.0
seq Number,220,47.0
seq Number,221,15.0
seq Number,222,27.0
seq Number,223,25.0
seq Number,224,30.0
seq Number,225,22.0
seq Number,226,26.0
seq Number,227,28.0
seq Number,228,24.0
seq Number,229,31.0
seq Number,230,22.0
seq Number,231,25.0
seq Number,232,32.0
seq Number,233,47.0
seq Number,234,15.0
seq Number,235,47.0
seq Number,236,16.0
seq Number,237,46.0
seq Number,238,16.0
seq Number,239,47.0
seq Number,240,15.0
seq Number,241,47.0
seq Number,242,16.0
seq Number,243,47.0
seq Number,244,15.0
seq Number,245,47.0
seq Number,246,16.0
seq Number,247,46.0
seq Number,248,16.0
seq Number,249,47.0
seq Number,250,15.0
seq Number,251,47.0
seq Number,252,16.0
seq Number,253,47.0
seq Number,254,15.0
seq Number,255,47.0
seq Number,256,16.0
seq Number,257,46.0
seq Number,258,16.0
seq Number,259,47.0
seq Number,260,15.0
seq Number,261,47.0
seq Number,262,16.0
seq Number,263,47.0
seq Number,264,15.0
seq Number,265,47.0
seq Number,266,16.0
seq Number,267,46.0
seq Number,268,16.0
seq Number,269,47.0
seq Number,270,15.0
seq Number,271,47.0
seq Number,272,16.0
seq Number,273,47.0
seq Number,274,15.0
seq Number,275,47.0
seq Number,276,16.0
seq Number,277,46.0
seq Number,278,16.0
seq Number,279,47.0
seq Number,280,15.0
seq Number,281,47.0
seq Number,282,16.0
seq Number,283,47.0
seq Number,284,15.0
seq Number,285,47.0
seq Number,286,16.0
seq Number,287,46.0
seq Number,288,16.0
seq Number,289,47.0
seq Number,290,15.0
seq Number,291,47.0
seq Number,292,16.0
seq Number,293,47.0
seq Number,294,15.0
seq Number,295,47.0
seq Number,296,16.0
seq Number,297,46.0
seq Number,298,16.0
seq Number,299,47.0
seq Number,300,15.0
seq Number,301,47.0
seq Number,302,16.0
seq Number,303,47.0
seq Number,304,15.0
seq Number,305,47.0
seq Number,306,16.0
seq Number,307,46.0
seq Number,308,16.0
seq Number,309,47.0
seq Number,310,15.0
seq Number,311,47.0
seq Number,312,16.0
seq Number,313,47.0
seq Number,314,15.0
seq Number,315,47.0
seq Number,316,16.0
seq Number,317,46.0
seq Number,318,16.0
seq Number,319,47.0
seq Number,320,15.0
seq Number,321,47.0
seq Number,322,16.0
seq Number,323,47.0
seq Number,324,15.0
seq Number,325,47.0
seq Number,326,16.0
seq Number,327,46.0
seq Number,328,16.0
seq Number,329,47.0
seq Number,330,15.0
seq Number,331,47.0
seq Number,332,16.0
seq Number,333,47.0
seq Number,334,15.0
seq Number,335,47.0
seq Number,336,16.0
seq Number,337,46.0
seq Number,338,16.0
seq Number,339,47.0
seq Number,340,15.0
seq Number,341,47.0
seq Number,342,16.0
seq Number,343,47.0
seq Number,344,15.0
seq Number,345,47.0
seq Number,346,16.0
seq Number,347,46.0
seq Number,348,16.0
seq Number,349,47.0
seq Number,350,15.0
seq Number,351,47.0
seq Number,352,16.0
seq Number,353,47.0
seq Number,354,15.0
seq Number,355,47.0
seq Number,356,16.0
seq Number,357,46.0
seq Number,358,16.0
seq Number,359,47.0
seq Number,360,15.0
seq Number,361,47.0
seq Number,362,16.0
seq Number,363,47.0
seq Number,364,15.0
seq Number,365,47.0
seq Number,366,16.0
seq Number,367,46.0
seq Number,368,16.0
seq Number,369,47.0
seq Number,370,15.0
seq Number,371,47.0
seq Number,372,16.0
seq Number,373,47.0
seq Number,374,15.0
seq Number,375,47.0
seq Number,376,16.0
seq Number,377,46.0
seq Number,378,16.0
seq Number,379,47.0
seq Number,380,15.0
seq Number,381,47.0
seq Number,382,16.0
seq Number,383,31.0
seq Number,384,31.0
seq Number,385,21.0
seq Number,386,31.0
seq Number,387,22.0
seq Number,388,25.0
seq Number,389,30.0
seq Number,390,22.0
seq Number,391,26.0
seq Number,392,29.0
seq Number,393,23.0
seq Number,394,32.0
seq Number,395,49.0
seq Number,396,16.0
seq Number,397,47.0
seq Number,398,15.0
seq Number,399,47.0
seq Number,400,16.0
seq Number,401,47.0
seq Number,402,15.0
seq Number,403,47.0
seq Number,404,16.0
seq Number,405,46.0
seq Number,406,16.0
seq Number,407,47.0
seq Number,408,15.0
seq Number,409,47.0
seq Number,410,16.0
seq Number,411,47.0
seq Number,412,15.0
seq Number,413,47.0
seq Number,414,16.0
seq Number,415,46.0
seq Number,416,16.0
seq Number,417,47.0
seq Number,418,15.0
seq Number,419,47.0
seq Number,420,16.0
seq Number,421,47.0
seq Number,422,15.0
seq Number,423,47.0
seq Number,424,16.0
seq Number,425,46.0
seq Number,426,16.0
seq Number,427,47.0
seq Number,428,15.0
seq Number,429,47.0
seq Number,430,16.0
seq Number,431,47.0
seq Number,432,15.0
seq Number,433,47.0
seq Number,434,16.0
seq Number,435,46.0
seq Number,436,16.0
seq Number,437,47.0
seq Number,438,15.0
seq Number,439,47.0
seq Number,440,16.0
seq Number,441,31.0
seq Number,441,1186.0
seq Number,442,31.0
seq Number,443,15.0
seq Number,444,47.0
seq Number,445,16.0
seq Number,446,47.0
seq Number,447,15.0
seq Number,448,47.0
seq Number,449,16.0
seq Number,450,46.0
seq Number,451,16.0
seq Number,452,47.0
seq Number,453,15.0
seq Number,454,47.0
seq Number,455,16.0
seq Number,456,47.0
seq Number,457,15.0
seq Number,458,47.0
seq Number,459,16.0
seq Number,460,46.0
seq Number,461,16.0
seq Number,462,47.0
seq Number,463,15.0
seq Number,464,47.0
seq Number,465,16.0
seq Number,466,47.0
seq Number,467,15.0
seq Number,468,47.0
seq Number,469,16.0
seq Number,470,47.0
seq Number,471,15.0
seq Number,472,47.0
seq Number,473,16.0
seq Number,474,46.0
seq Number,475,16.0
seq Number,476,47.0
seq Number,477,15.0
seq Number,478,47.0
seq Number,479,16.0
seq Number,480,47.0
seq Number,481,15.0
seq Number,482,47.0
seq Number,483,16.0
seq Number,484,46.0
seq Number,485,16.0
seq Number,486,47.0
seq Number,487,15.0
seq Number,488,47.0
seq Number,489,16.0
seq Number,490,47.0
seq Number,491,15.0
seq Number,492,47.0
seq Number,493,16.0
seq Number,494,46.0
seq Number,495,16.0
seq Number,496,47.0
seq Number,497,15.0
seq Number,498,47.0
seq Number,499,16.0
seq Number,500,47.0
