##,##
time,IPktTime,CumLoss
3.343,517.0,0
3.417,74.0,0
3.431,14.0,0
3.467,36.0,0
3.499,32.0,0
3.523,24.0,0
3.581,58.0,0
3.621,40.0,0
3.652,31.0,0
3.761,109.0,0
3.839,78.0,0
3.87,31.0,0
3.918,48.0,0
3.934,16.0,0
3.996,62.0,0
4.012,16.0,0
4.059,47.0,0
4.152,93.0,0
4.199,47.0,0
4.23,31.0,0
4.277,47.0,0
4.293,16.0,0
4.339,46.0,0
4.355,16.0,0
4.402,47.0,0
4.464,62.0,0
4.573,109.0,0
4.589,16.0,0
4.62,31.0,0
4.667,47.0,0
4.698,31.0,0
4.761,63.0,0
4.776,15.0,0
4.823,47.0,0
4.839,16.0,0
4.885,46.0,0
4.964,79.0,0
4.98,16.0,0
5.027,47.0,0
5.042,15.0,0
5.074,32.0,0
5.12,46.0,0
5.136,16.0,0
5.183,47.0,0
5.198,15.0,0
5.245,47.0,0
5.261,16.0,0
5.401,140.0,0
5.418,17.0,0
5.465,47.0,0
5.48,15.0,0
5.527,47.0,0
5.543,16.0,0
5.589,46.0,0
5.605,16.0,0
5.652,47.0,0
5.667,15.0,0
5.777,110.0,0
5.792,15.0,0
5.839,47.0,0
5.855,16.0,0
5.901,46.0,0
5.918,17.0,0
5.965,47.0,0
5.98,15.0,0
6.027,47.0,0
6.121,94.0,0
6.152,31.0,0
6.199,47.0,0
6.214,15.0,0
6.23,16.0,0
6.277,47.0,0
6.292,15.0,0
6.339,47.0,0
6.355,16.0,0
6.402,47.0,0
6.417,15.0,0
6.465,48.0,0
6.481,16.0,0
6.527,46.0,0
6.543,16.0,0
6.605,62.0,0
6.621,16.0,0
6.637,16.0,0
6.683,46.0,0
6.699,16.0,0
6.746,47.0,0
6.761,15.0,0
6.808,47.0,0
6.824,16.0,0
6.871,47.0,0
6.886,15.0,0
6.933,47.0,0
6.996,63.0,0
7.012,16.0,0
7.043,31.0,0
7.09,47.0,0
7.106,16.0,0
7.152,46.0,0
7.168,16.0,0
7.215,47.0,0
7.23,15.0,0
7.262,32.0,0
7.293,31.0,0
7.34,47.0,0
7.418,78.0,0
7.433,15.0,0
7.46,27.0,0
7.515,55.0,0
7.53,15.0,0
7.577,47.0,0
7.593,16.0,0
7.639,46.0,0
7.655,16.0,0
7.702,47.0,0
7.717,15.0,0
7.764,47.0,0
7.811,47.0,0
7.858,47.0,0
7.873,15.0,0
7.92,47.0,0
7.936,16.0,0
7.984,48.0,0
7.999,15.0,0
8.046,47.0,0
8.062,16.0,0
8.108,46.0,0
8.124,16.0,0
8.155,31.0,0
8.233,78.0,0
8.249,16.0,0
8.28,31.0,0
8.327,47.0,0
8.342,15.0,0
8.368,26.0,0
8.396,28.0,0
8.421,25.0,0
8.452,31.0,0
8.474,22.0,0
8.498,24.0,0
8.529,31.0,0
8.551,22.0,0
8.576,25.0,0
8.661,85.0,0
8.708,47.0,1
8.724,16.0,1
8.771,47.0,1
8.786,15.0,1
8.833,47.0,1
8.849,16.0,1
8.895,46.0,1
8.911,16.0,1
8.958,47.0,1
8.974,16.0,1
9.037,63.0,1
9.084,47.0,1
9.099,15.0,1
9.146,47.0,1
9.162,16.0,1
9.208,46.0,1
9.224,16.0,1
9.271,47.0,1
9.286,15.0,1
9.333,47.0,1
9.349,16.0,1
9.396,47.0,1
9.442,46.0,1
9.458,16.0,1
9.489,31.0,1
9.536,47.0,1
9.552,16.0,1
9.583,31.0,1
9.63,47.0,1
9.645,15.0,1
9.692,47.0,1
9.708,16.0,1
9.754,46.0,1
9.77,16.0,1
9.817,47.0,1
9.864,47.0,1
9.879,15.0,1
9.895,16.0,1
9.942,47.0,1
9.957,15.0,1
9.989,32.0,1
10.036,47.0,1
10.052,16.0,1
10.099,47.0,1
10.114,15.0,1
10.161,47.0,1
10.177,16.0,1
10.223,46.0,1
10.255,32.0,1
10.27,15.0,1
10.301,31.0,1
10.348,47.0,1
10.364,16.0,1
10.411,47.0,1
10.426,15.0,1
10.473,47.0,1
10.489,16.0,1
10.535,46.0,1
10.551,16.0,1
10.598,47.0,1
10.613,15.0,1
10.691,78.0,1
10.707,16.0,1
10.754,47.0,1
10.769,15.0,1
10.816,47.0,1
10.832,16.0,1
10.863,31.0,1
10.91,47.0,1
10.925,15.0,1
10.957,32.0,1
11.004,47.0,1
11.02,16.0,1
11.067,47.0,1
11.082,15.0,1
11.129,47.0,1
11.145,16.0,1
11.192,47.0,1
11.207,15.0,1
11.254,47.0,1
11.27,16.0,1
11.301,31.0,1
11.348,47.0,1
11.363,15.0,1
11.41,47.0,1
11.426,16.0,1
11.488,62.0,1
11.507,19.0,1
11.528,21.0,1
11.575,47.0,1
11.591,16.0,1
11.637,46.0,1
11.653,16.0,1
11.7,47.0,1
11.715,15.0,1
11.762,47.0,1
11.778,16.0,1
11.825,47.0,1
11.84,15.0,1
11.887,47.0,1
11.903,16.0,1
11.949,46.0,1
11.965,16.0,1
12.013,48.0,1
12.028,15.0,1
12.075,47.0,1
12.091,16.0,1
12.138,47.0,1
12.153,15.0,1
12.2,47.0,1
12.216,16.0,1
12.262,46.0,1
12.309,47.0,1
12.325,16.0,1
12.34,15.0,1
12.387,47.0,1
12.403,16.0,1
12.45,47.0,1
12.465,15.0,1
12.512,47.0,1
12.528,16.0,1
12.574,46.0,1
12.59,16.0,1
12.637,47.0,1
12.652,15.0,1
12.699,47.0,1
12.715,16.0,1
12.762,47.0,1
12.777,15.0,1
12.824,47.0,1
12.84,16.0,1
12.886,46.0,1
12.902,16.0,1
12.949,47.0,1
12.964,15.0,1
13.011,47.0,1
13.027,16.0,1
13.075,48.0,1
13.121,46.0,1
13.137,16.0,1
13.153,16.0,1
13.199,46.0,1
13.215,16.0,1
13.262,47.0,1
13.277,15.0,1
13.322,45.0,1
13.341,19.0,1
13.363,22.0,1
13.387,24.0,1
13.418,31.0,1
13.44,22.0,1
13.464,24.0,1
13.517,53.0,1
13.541,24.0,2
13.571,30.0,2
13.594,23.0,2
13.637,43.0,2
13.652,15.0,2
13.699,47.0,2
13.715,16.0,2
13.762,47.0,2
13.777,15.0,2
13.824,47.0,2
13.84,16.0,2
13.886,46.0,2
13.933,47.0,2
13.949,16.0,2
13.964,15.0,2
14.011,47.0,2
14.027,16.0,2
14.075,48.0,2
14.09,15.0,2
14.137,47.0,2
14.153,16.0,2
14.199,46.0,2
14.215,16.0,2
14.262,47.0,2
14.277,15.0,2
14.324,47.0,2
14.34,16.0,2
14.387,47.0,2
14.402,15.0,2
14.449,47.0,2
14.465,16.0,2
14.511,46.0,2
14.527,16.0,2
14.574,47.0,2
14.589,15.0,2
14.636,47.0,2
14.652,16.0,2
14.683,31.0,2
14.745,62.0,2
14.777,32.0,2
14.823,46.0,2
14.839,16.0,2
14.886,47.0,2
14.901,15.0,2
14.948,47.0,2
14.964,16.0,2
15.011,47.0,2
15.026,15.0,2
15.074,48.0,2
15.09,16.0,2
15.136,46.0,2
15.152,16.0,2
15.199,47.0,2
15.246,47.0,2
15.261,15.0,2
15.308,47.0,2
15.324,16.0,2
15.355,31.0,2
15.402,47.0,2
15.417,15.0,2
15.448,31.0,2
15.495,47.0,2
15.511,16.0,2
15.558,47.0,2
15.573,15.0,2
15.62,47.0,2
15.636,16.0,2
15.667,31.0,2
15.714,47.0,2
15.729,15.0,2
15.776,47.0,2
15.792,16.0,2
15.823,31.0,2
15.87,47.0,2
15.885,15.0,2
15.963,78.0,2
15.979,16.0,3
16.026,47.0,3
16.041,15.0,3
16.089,48.0,3
16.105,16.0,3
16.136,31.0,3
16.167,31.0,3
16.198,31.0,3
16.245,47.0,3
16.261,16.0,3
16.307,46.0,3
16.354,47.0,3
16.37,16.0,3
16.385,15.0,3
16.417,32.0,3
16.448,31.0,3
16.479,31.0,3
16.526,47.0,3
16.541,15.0,3
16.573,32.0,3
16.605,32.0,3
16.652,47.0,3
16.667,15.0,3
16.714,47.0,3
16.73,16.0,3
16.776,46.0,3
16.792,16.0,3
16.823,31.0,3
16.854,31.0,3
16.886,32.0,3
16.917,31.0,3
16.964,47.0,3
16.979,15.0,3
17.01,31.0,3
17.057,47.0,3
17.074,17.0,3
17.121,47.0,3
17.136,15.0,3
17.183,47.0,3
17.199,16.0,3
17.245,46.0,3
17.261,16.0,3
17.308,47.0,3
17.323,15.0,3
17.355,32.0,3
17.401,46.0,3
17.417,16.0,3
17.464,47.0,3
17.479,15.0,3
17.526,47.0,3
17.542,16.0,3
17.589,47.0,3
17.604,15.0,3
17.651,47.0,3
17.667,16.0,3
17.713,46.0,3
17.729,16.0,3
17.776,47.0,3
17.791,15.0,3
17.838,47.0,3
17.854,16.0,3
17.901,47.0,3
17.916,15.0,3
17.963,47.0,3
17.979,16.0,3
18.025,46.0,3
18.041,16.0,3
18.088,47.0,3
18.104,16.0,3
18.151,47.0,3
18.167,16.0,3
18.214,47.0,3
18.245,31.0,3
18.292,47.0,3
18.307,15.0,3
18.335,28.0,3
18.389,54.0,3
18.4,11.0,3
18.413,13.0,3
18.444,31.0,3
18.467,23.0,3
18.492,25.0,3
18.518,26.0,3
18.547,29.0,3
18.569,22.0,3
18.595,26.0,3
18.645,50.0,3
18.661,16.0,3
18.692,31.0,3
18.739,47.0,3
18.754,15.0,3
18.785,31.0,3
18.817,32.0,3
18.863,46.0,3
18.879,16.0,3
18.926,47.0,3
18.941,15.0,3
18.988,47.0,3
19.004,16.0,3
19.051,47.0,3
19.066,15.0,3
19.114,48.0,3
19.13,16.0,3
19.176,46.0,3
19.192,16.0,3
19.239,47.0,3
19.254,15.0,3
19.301,47.0,3
19.317,16.0,3
19.379,62.0,3
19.395,16.0,3
19.442,47.0,3
19.457,15.0,3
19.488,31.0,3
19.535,47.0,3
19.551,16.0,3
19.598,47.0,3
19.613,15.0,3
19.644,31.0,3
19.691,47.0,3
19.707,16.0,3
19.754,47.0,3
19.8,46.0,3
19.816,16.0,3
